D:\Project\BankApp\BA.Angular\webpack.config.js
D:\Project\BankApp\BA.Angular\webpack.config.js.map
D:\Project\BankApp\BA.Angular\ClientApp\app\app.component.js
D:\Project\BankApp\BA.Angular\ClientApp\app\app.component.js.map
D:\Project\BankApp\BA.Angular\ClientApp\app\app.module.js
D:\Project\BankApp\BA.Angular\ClientApp\app\app.module.js.map
D:\Project\BankApp\BA.Angular\ClientApp\main.js
D:\Project\BankApp\BA.Angular\ClientApp\main.js.map
D:\Project\BankApp\BA.Angular\ClientApp\polyfills.js
D:\Project\BankApp\BA.Angular\ClientApp\polyfills.js.map
D:\Project\BankApp\BA.Angular\webpack.config.js
D:\Project\BankApp\BA.Angular\webpack.config.js.map
D:\Project\BankApp\BA.Angular\ClientApp\app\app.component.js
D:\Project\BankApp\BA.Angular\ClientApp\app\app.component.js.map
D:\Project\BankApp\BA.Angular\ClientApp\app\app.module.js
D:\Project\BankApp\BA.Angular\ClientApp\app\app.module.js.map
D:\Project\BankApp\BA.Angular\ClientApp\main.js
D:\Project\BankApp\BA.Angular\ClientApp\main.js.map
D:\Project\BankApp\BA.Angular\ClientApp\polyfills.js
D:\Project\BankApp\BA.Angular\ClientApp\polyfills.js.map
D:\Project\BankApp\BA.Angular\webpack.config.js
D:\Project\BankApp\BA.Angular\webpack.config.js.map
D:\Project\BankApp\BA.Angular\ClientApp\app\app.component.js
D:\Project\BankApp\BA.Angular\ClientApp\app\app.component.js.map
D:\Project\BankApp\BA.Angular\ClientApp\app\app.module.js
D:\Project\BankApp\BA.Angular\ClientApp\app\app.module.js.map
D:\Project\BankApp\BA.Angular\ClientApp\main.js
D:\Project\BankApp\BA.Angular\ClientApp\main.js.map
D:\Project\BankApp\BA.Angular\ClientApp\polyfills.js
D:\Project\BankApp\BA.Angular\ClientApp\polyfills.js.map
D:\Project\BankApp\BA.Angular\my-app\dist\out-tsc-e2e\app.po.js
D:\Project\BankApp\BA.Angular\my-app\dist\out-tsc-e2e\app.po.js.map
D:\Project\BankApp\BA.Angular\my-app\dist\out-tsc-e2e\app.e2e-spec.js
D:\Project\BankApp\BA.Angular\my-app\dist\out-tsc-e2e\app.e2e-spec.js.map
D:\Project\BankApp\BA.Angular\my-app\dist\out-tsc-e2e\app.po.js
D:\Project\BankApp\BA.Angular\my-app\dist\out-tsc-e2e\app.po.js.map
D:\Project\BankApp\BA.Angular\my-app\dist\out-tsc-e2e\app.e2e-spec.js
D:\Project\BankApp\BA.Angular\my-app\dist\out-tsc-e2e\app.e2e-spec.js.map
D:\Project\BankApp\BA.Angular\my-app\dist\out-tsc-e2e\app.po.js
D:\Project\BankApp\BA.Angular\my-app\dist\out-tsc-e2e\app.po.js.map
D:\Project\BankApp\BA.Angular\my-app\dist\out-tsc-e2e\app.e2e-spec.js
D:\Project\BankApp\BA.Angular\my-app\dist\out-tsc-e2e\app.e2e-spec.js.map
